[06-Jan-2024 19:56:08]  [INFO ]:	server is listening another 3001 port1.0.0
[06-Jan-2024 19:56:22]  [INFO ]:	server is listening another 3001 port1.0.0
[06-Jan-2024 19:56:28]  [INFO ]:	server is listening another 3001 port1.0.0
[06-Jan-2024 20:00:40]  [INFO ]:	server is listening another 3001 port1.0.0
[06-Jan-2024 20:00:59]  [INFO ]:	server is listening another 3001 port1.0.0
[06-Jan-2024 20:01:15]  [INFO ]:	server is listening another 3001 port1.0.0
[06-Jan-2024 20:03:15]  [INFO ]:	server is listening another 3001 port1.0.0
[06-Jan-2024 20:20:09]  [ERROR]:	Something went wrong please try again, Message:insert or update on table "payments" violates foreign key constraint "payments_orderId_fkey"
[06-Jan-2024 20:20:33]  [INFO ]:	server is listening another 3001 port1.0.0
[06-Jan-2024 20:20:36]  [ERROR]:	Something went wrong please try again, Message:insert or update on table "payments" violates foreign key constraint "payments_orderId_fkey"
[06-Jan-2024 20:21:03]  [ERROR]:	Something went wrong please try again, Message:insert or update on table "payments" violates foreign key constraint "payments_orderId_fkey"
[06-Jan-2024 20:23:12]  [INFO ]:	server is listening another 3001 port1.0.0
[06-Jan-2024 20:23:15]  [ERROR]:	Something went wrong please try again, Message:insert or update on table "payments" violates foreign key constraint "payments_orderId_fkey"
[06-Jan-2024 20:24:00]  [INFO ]:	server is listening another 3001 port1.0.0
[06-Jan-2024 20:24:01]  [ERROR]:	Something went wrong please try again, Message:response is not defined
[06-Jan-2024 20:24:06]  [INFO ]:	server is listening another 3001 port1.0.0
[06-Jan-2024 20:24:07]  [ERROR]:	Something went wrong please try again, Message:insert or update on table "payments" violates foreign key constraint "payments_orderId_fkey"
[06-Jan-2024 20:25:42]  [INFO ]:	server is listening another 3001 port1.0.0
[06-Jan-2024 20:26:36]  [INFO ]:	server is listening another 3001 port1.0.0
[06-Jan-2024 20:26:57]  [INFO ]:	server is listening another 3001 port1.0.0
[06-Jan-2024 20:26:59]  [ERROR]:	Something went wrong please try again, Message:insert or update on table "payments" violates foreign key constraint "payments_orderId_fkey"
[06-Jan-2024 20:27:04]  [INFO ]:	server is listening another 3001 port1.0.0
[06-Jan-2024 20:27:05]  [ERROR]:	Something went wrong please try again, Message:insert or update on table "payments" violates foreign key constraint "payments_orderId_fkey"
[06-Jan-2024 20:27:19]  [ERROR]:	Something went wrong please try again, Message:insert or update on table "payments" violates foreign key constraint "payments_orderId_fkey"
[06-Jan-2024 20:29:15]  [INFO ]:	server is listening another 3001 port1.0.0
[06-Jan-2024 20:29:27]  [INFO ]:	server is listening another 3001 port1.0.0
[06-Jan-2024 20:29:37]  [INFO ]:	server is listening another 3001 port1.0.0
[06-Jan-2024 20:29:44]  [ERROR]:	Something went wrong please try again, Message:insert or update on table "payments" violates foreign key constraint "payments_orderId_fkey"
[06-Jan-2024 20:31:14]  [INFO ]:	server is listening another 3001 port1.0.0
[06-Jan-2024 20:31:17]  [ERROR]:	Something went wrong please try again, Message:insert or update on table "payments" violates foreign key constraint "payments_orderId_fkey"
[06-Jan-2024 20:32:21]  [INFO ]:	server is listening another 3001 port1.0.0
[06-Jan-2024 20:32:41]  [INFO ]:	server is listening another 3001 port1.0.0
[06-Jan-2024 20:32:44]  [ERROR]:	Something went wrong please try again, Message:body is not defined
[06-Jan-2024 20:33:04]  [INFO ]:	server is listening another 3001 port1.0.0
[06-Jan-2024 20:33:32]  [INFO ]:	server is listening another 3001 port1.0.0
[06-Jan-2024 20:33:32]  [ERROR]:	Something went wrong please try again, Message:body is not defined
[06-Jan-2024 20:33:43]  [INFO ]:	server is listening another 3001 port1.0.0
[06-Jan-2024 20:34:21]  [INFO ]:	server is listening another 3001 port1.0.0
[06-Jan-2024 20:34:37]  [INFO ]:	server is listening another 3001 port1.0.0
[06-Jan-2024 20:34:47]  [INFO ]:	server is listening another 3001 port1.0.0
[06-Jan-2024 20:35:32]  [INFO ]:	server is listening another 3001 port1.0.0
[06-Jan-2024 20:36:16]  [INFO ]:	server is listening another 3001 port1.0.0
[06-Jan-2024 20:36:58]  [INFO ]:	server is listening another 3001 port1.0.0
[06-Jan-2024 20:37:03]  [INFO ]:	server is listening another 3001 port1.0.0
[06-Jan-2024 20:37:07]  [INFO ]:	server is listening another 3001 port1.0.0
[06-Jan-2024 20:37:17]  [INFO ]:	server is listening another 3001 port1.0.0
[06-Jan-2024 20:37:21]  [INFO ]:	server is listening another 3001 port1.0.0
[06-Jan-2024 20:37:24]  [INFO ]:	server is listening another 3001 port1.0.0
[06-Jan-2024 20:48:48]  [INFO ]:	server is listening another 3001 port1.0.0
[06-Jan-2024 20:49:12]  [INFO ]:	server is listening another 3001 port1.0.0
[06-Jan-2024 20:49:35]  [INFO ]:	server is listening another 3001 port1.0.0
[06-Jan-2024 20:49:49]  [INFO ]:	server is listening another 3001 port1.0.0
[06-Jan-2024 20:50:31]  [INFO ]:	server is listening another 3001 port1.0.0
[06-Jan-2024 20:50:39]  [INFO ]:	server is listening another 3001 port1.0.0
[08-Jan-2024 12:08:11]  [INFO ]:	server is listening another 3001 port1.0.0
[08-Jan-2024 12:08:58]  [INFO ]:	server is listening another 3001 port1.0.0
[08-Jan-2024 12:09:01]  [INFO ]:	server is listening another 3001 port1.0.0
[08-Jan-2024 13:14:09]  [INFO ]:	server is listening another 3001 port1.0.0
[08-Jan-2024 15:34:47]  [INFO ]:	server is listening another 3001 port1.0.0
[08-Jan-2024 16:58:37]  [INFO ]:	server is listening another 3001 port1.0.0
[08-Jan-2024 17:35:30]  [INFO ]:	server is listening another 3001 port1.0.0
[08-Jan-2024 17:47:40]  [INFO ]:	server is listening another 3001 port1.0.0
[08-Jan-2024 19:24:32]  [INFO ]:	server is listening another 3001 port1.0.0
[08-Jan-2024 19:24:59]  [INFO ]:	server is listening another 3001 port1.0.0
[09-Jan-2024 18:49:36]  [INFO ]:	server is listening another 3001 port1.0.0
[09-Jan-2024 18:55:39]  [INFO ]:	server is listening another 3001 port1.0.0
[09-Jan-2024 18:56:21]  [INFO ]:	server is listening another 3001 port1.0.0
[09-Jan-2024 18:56:31]  [ERROR]:	WHERE parameter "lang" has invalid "undefined" value
[09-Jan-2024 18:56:51]  [INFO ]:	server is listening another 3001 port1.0.0
[09-Jan-2024 18:56:54]  [INFO ]:	server is listening another 3001 port1.0.0
[09-Jan-2024 18:56:56]  [ERROR]:	WHERE parameter "lang" has invalid "undefined" value
[09-Jan-2024 18:57:38]  [INFO ]:	server is listening another 3001 port1.0.0
[09-Jan-2024 18:57:39]  [ERROR]:	WHERE parameter "lang" has invalid "undefined" value
[09-Jan-2024 18:58:51]  [INFO ]:	server is listening another 3001 port1.0.0
[09-Jan-2024 18:58:53]  [ERROR]:	WHERE parameter "lang" has invalid "undefined" value
[09-Jan-2024 18:59:22]  [INFO ]:	server is listening another 3001 port1.0.0
[09-Jan-2024 18:59:58]  [INFO ]:	server is listening another 3001 port1.0.0
[09-Jan-2024 19:00:16]  [INFO ]:	server is listening another 3001 port1.0.0
[09-Jan-2024 19:09:40]  [INFO ]:	server is listening another 3001 port1.0.0
[09-Jan-2024 19:11:35]  [INFO ]:	server is listening another 3001 port1.0.0
[09-Jan-2024 19:13:13]  [INFO ]:	server is listening another 3001 port1.0.0
[09-Jan-2024 19:15:37]  [INFO ]:	server is listening another 3001 port1.0.0
[09-Jan-2024 19:16:44]  [INFO ]:	server is listening another 3001 port1.0.0
[09-Jan-2024 19:17:17]  [INFO ]:	server is listening another 3001 port1.0.0
[09-Jan-2024 19:19:55]  [INFO ]:	server is listening another 3001 port1.0.0
[09-Jan-2024 19:22:20]  [INFO ]:	server is listening another 3001 port1.0.0
[09-Jan-2024 19:22:30]  [INFO ]:	server is listening another 3001 port1.0.0
[09-Jan-2024 19:32:17]  [INFO ]:	server is listening another 3001 port1.0.0
[09-Jan-2024 19:33:34]  [INFO ]:	server is listening another 3001 port1.0.0
[09-Jan-2024 19:33:44]  [INFO ]:	server is listening another 3001 port1.0.0
[09-Jan-2024 19:33:59]  [INFO ]:	server is listening another 3001 port1.0.0
[09-Jan-2024 19:35:55]  [INFO ]:	server is listening another 3001 port1.0.0
[09-Jan-2024 19:36:04]  [INFO ]:	server is listening another 3001 port1.0.0
[09-Jan-2024 19:36:42]  [INFO ]:	server is listening another 3001 port1.0.0
[09-Jan-2024 19:47:48]  [INFO ]:	server is listening another 3001 port1.0.0
[09-Jan-2024 19:48:32]  [ERROR]:	Something went wrong please try again, Message:bankUrlRedirect is not a function
[09-Jan-2024 19:48:55]  [INFO ]:	server is listening another 3001 port1.0.0
[09-Jan-2024 19:49:13]  [INFO ]:	server is listening another 3001 port1.0.0
[09-Jan-2024 19:49:29]  [INFO ]:	server is listening another 3001 port1.0.0
[09-Jan-2024 19:51:00]  [INFO ]:	server is listening another 3001 port1.0.0
[09-Jan-2024 19:51:23]  [INFO ]:	server is listening another 3001 port1.0.0
[09-Jan-2024 19:52:41]  [INFO ]:	server is listening another 3001 port1.0.0
[09-Jan-2024 19:53:32]  [ERROR]:	WHERE parameter "lang" has invalid "undefined" value
[09-Jan-2024 19:53:44]  [ERROR]:	WHERE parameter "lang" has invalid "undefined" value
[09-Jan-2024 19:54:45]  [ERROR]:	WHERE parameter "lang" has invalid "undefined" value
[09-Jan-2024 19:54:57]  [INFO ]:	server is listening another 3001 port1.0.0
[09-Jan-2024 19:54:58]  [ERROR]:	WHERE parameter "lang" has invalid "undefined" value
[09-Jan-2024 19:55:27]  [INFO ]:	server is listening another 3001 port1.0.0
[09-Jan-2024 19:55:29]  [ERROR]:	WHERE parameter "lang" has invalid "undefined" value
[09-Jan-2024 19:56:28]  [INFO ]:	server is listening another 3001 port1.0.0
[09-Jan-2024 19:57:02]  [INFO ]:	server is listening another 3001 port1.0.0
[09-Jan-2024 19:58:45]  [INFO ]:	server is listening another 3001 port1.0.0
[09-Jan-2024 20:00:33]  [INFO ]:	server is listening another 3001 port1.0.0
[09-Jan-2024 20:00:47]  [INFO ]:	server is listening another 3001 port1.0.0
[09-Jan-2024 20:01:07]  [INFO ]:	server is listening another 3001 port1.0.0
[09-Jan-2024 20:01:43]  [INFO ]:	server is listening another 3001 port1.0.0
[09-Jan-2024 20:02:15]  [INFO ]:	server is listening another 3001 port1.0.0
[09-Jan-2024 20:02:37]  [INFO ]:	server is listening another 3001 port1.0.0
[09-Jan-2024 20:02:54]  [INFO ]:	server is listening another 3001 port1.0.0
[09-Jan-2024 20:03:41]  [INFO ]:	server is listening another 3001 port1.0.0
[09-Jan-2024 20:03:58]  [ERROR]:	invalid input value for enum "enum_orders_paymentMethod": "bank"
[09-Jan-2024 20:04:47]  [ERROR]:	Something went wrong please try again, Message:order.createPayment is not a function
[09-Jan-2024 20:07:16]  [INFO ]:	server is listening another 3001 port1.0.0
[09-Jan-2024 20:10:04]  [INFO ]:	server is listening another 3001 port1.0.0
[09-Jan-2024 20:10:39]  [ERROR]:	Cannot read properties of null (reading 'toString')
[09-Jan-2024 20:10:54]  [INFO ]:	server is listening another 3001 port1.0.0
[09-Jan-2024 20:10:55]  [ERROR]:	Cannot read properties of null (reading 'toString')
[09-Jan-2024 20:11:14]  [INFO ]:	server is listening another 3001 port1.0.0
[09-Jan-2024 20:14:05]  [INFO ]:	server is listening another 3001 port1.0.0
[09-Jan-2024 20:17:56]  [INFO ]:	server is listening another 3001 port1.0.0
[09-Jan-2024 20:18:45]  [INFO ]:	server is listening another 3001 port1.0.0
[09-Jan-2024 20:22:56]  [ERROR]:	Something went wrong please try again, Message:Failed to parse URL from undefined&orderNumber=599&amount=80&language=ru
[09-Jan-2024 20:23:14]  [INFO ]:	server is listening another 3001 port1.0.0
[09-Jan-2024 20:23:17]  [ERROR]:	req is not defined
[09-Jan-2024 20:23:26]  [INFO ]:	server is listening another 3001 port1.0.0
[09-Jan-2024 20:23:26]  [ERROR]:	Something went wrong please try again, Message:Failed to parse URL from undefined&orderNumber=600&amount=80&language=ru
[09-Jan-2024 20:24:22]  [INFO ]:	server is listening another 3001 port1.0.0
[09-Jan-2024 20:24:23]  [ERROR]:	Something went wrong please try again, Message:Failed to parse URL from undefined&orderNumber=601&amount=80&language=ru
[09-Jan-2024 20:24:25]  [ERROR]:	Something went wrong please try again, Message:Failed to parse URL from undefined&orderNumber=602&amount=80&language=ru
[09-Jan-2024 20:25:08]  [INFO ]:	server is listening another 3001 port1.0.0
[09-Jan-2024 20:25:09]  [ERROR]:	Something went wrong please try again, Message:Failed to parse URL from undefined&orderNumber=603&amount=80&language=ru
[09-Jan-2024 20:25:40]  [INFO ]:	server is listening another 3001 port1.0.0
[09-Jan-2024 20:26:12]  [INFO ]:	server is listening another 3001 port1.0.0
[09-Jan-2024 20:27:44]  [INFO ]:	server is listening another 3001 port1.0.0
[09-Jan-2024 20:27:53]  [INFO ]:	server is listening another 3001 port1.0.0
[09-Jan-2024 20:27:57]  [INFO ]:	server is listening another 3001 port1.0.0
[09-Jan-2024 20:27:59]  [INFO ]:	server is listening another 3001 port1.0.0
[09-Jan-2024 20:28:57]  [ERROR]:	WHERE parameter "id" has invalid "undefined" value
[09-Jan-2024 20:33:43]  [INFO ]:	server is listening another 3001 port1.0.0
[10-Jan-2024 00:45:07]  [INFO ]:	server is listening another 3001 port1.0.0
[10-Jan-2024 00:49:11]  [INFO ]:	server is listening another 3001 port1.0.0
[10-Jan-2024 00:49:24]  [INFO ]:	server is listening another 3001 port1.0.0
[10-Jan-2024 00:49:32]  [INFO ]:	server is listening another 3001 port1.0.0
[10-Jan-2024 00:49:42]  [INFO ]:	server is listening another 3001 port1.0.0
[10-Jan-2024 00:49:51]  [ERROR]:	Cannot read properties of null (reading 'prodTranslations')
[11-Jan-2024 00:54:45]  [INFO ]:	server is listening another 3001 port1.0.0
[11-Jan-2024 00:55:49]  [INFO ]:	server is listening another 3001 port1.0.0
[11-Jan-2024 00:58:47]  [ERROR]:	req is not defined
[11-Jan-2024 00:58:55]  [INFO ]:	server is listening another 3001 port1.0.0
[11-Jan-2024 01:00:33]  [INFO ]:	server is listening another 3001 port1.0.0
[11-Jan-2024 01:00:48]  [INFO ]:	server is listening another 3001 port1.0.0
[11-Jan-2024 01:04:46]  [INFO ]:	server is listening another 3001 port1.0.0
[11-Jan-2024 01:04:52]  [INFO ]:	server is listening another 3001 port1.0.0
[11-Jan-2024 01:05:07]  [INFO ]:	server is listening another 3001 port1.0.0
[11-Jan-2024 01:05:18]  [INFO ]:	server is listening another 3001 port1.0.0
[11-Jan-2024 22:49:12]  [INFO ]:	server is listening another 3001 port1.0.0
[11-Jan-2024 22:58:54]  [INFO ]:	server is listening another 3001 port1.0.0
[11-Jan-2024 23:27:52]  [INFO ]:	server is listening another 3001 port1.0.0
[11-Jan-2024 23:31:44]  [INFO ]:	server is listening another 3001 port1.0.0
[11-Jan-2024 23:34:05]  [INFO ]:	server is listening another 3001 port1.0.0
[11-Jan-2024 23:34:09]  [INFO ]:	server is listening another 3001 port1.0.0
[11-Jan-2024 23:35:37]  [INFO ]:	server is listening another 3001 port1.0.0
[11-Jan-2024 23:47:53]  [INFO ]:	server is listening another 3001 port1.0.0
[11-Jan-2024 23:48:07]  [INFO ]:	server is listening another 3001 port1.0.0
[11-Jan-2024 23:51:48]  [INFO ]:	server is listening another 3001 port1.0.0
[11-Jan-2024 23:55:23]  [INFO ]:	server is listening another 3001 port1.0.0
[12-Jan-2024 00:01:44]  [INFO ]:	server is listening another 3001 port1.0.0
[12-Jan-2024 00:08:21]  [INFO ]:	server is listening another 3001 port1.0.0
[12-Jan-2024 00:09:36]  [INFO ]:	server is listening another 3001 port1.0.0
[12-Jan-2024 00:09:44]  [INFO ]:	server is listening another 3001 port1.0.0
[12-Jan-2024 00:10:08]  [INFO ]:	server is listening another 3001 port1.0.0
[12-Jan-2024 00:10:42]  [INFO ]:	server is listening another 3001 port1.0.0
[12-Jan-2024 00:11:57]  [INFO ]:	server is listening another 3001 port1.0.0
[12-Jan-2024 00:11:59]  [INFO ]:	server is listening another 3001 port1.0.0
[12-Jan-2024 00:14:40]  [ERROR]:	Something went wrong please try again, Message:Cannot read properties of undefined (reading 'userName')
[12-Jan-2024 00:14:59]  [ERROR]:	Something went wrong please try again, Message:Cannot read properties of undefined (reading 'userName')
[12-Jan-2024 00:16:17]  [INFO ]:	server is listening another 3001 port1.0.0
[12-Jan-2024 00:16:18]  [ERROR]:	Something went wrong please try again, Message:Cannot read properties of undefined (reading 'userName')
[12-Jan-2024 00:16:41]  [INFO ]:	server is listening another 3001 port1.0.0
[12-Jan-2024 00:16:42]  [ERROR]:	Something went wrong please try again, Message:Cannot read properties of undefined (reading 'userName')
[12-Jan-2024 00:17:28]  [INFO ]:	server is listening another 3001 port1.0.0
[12-Jan-2024 00:17:35]  [ERROR]:	Something went wrong please try again, Message:Cannot read properties of undefined (reading 'userName')
[12-Jan-2024 00:18:20]  [INFO ]:	server is listening another 3001 port1.0.0
[12-Jan-2024 00:20:00]  [INFO ]:	server is listening another 3001 port1.0.0
[12-Jan-2024 00:20:38]  [INFO ]:	server is listening another 3001 port1.0.0
[12-Jan-2024 00:21:02]  [INFO ]:	server is listening another 3001 port1.0.0
[12-Jan-2024 00:21:07]  [INFO ]:	server is listening another 3001 port1.0.0
[12-Jan-2024 00:43:43]  [INFO ]:	server is listening another 3001 port1.0.0
[12-Jan-2024 00:44:20]  [INFO ]:	server is listening another 3001 port1.0.0
[12-Jan-2024 00:53:21]  [INFO ]:	server is listening another 3001 port1.0.0
[12-Jan-2024 01:33:55]  [INFO ]:	server is listening another 3001 port1.0.0
[12-Jan-2024 01:45:33]  [INFO ]:	server is listening another 3001 port1.0.0
[12-Jan-2024 01:45:57]  [INFO ]:	server is listening another 3001 port1.0.0
[12-Jan-2024 01:46:55]  [INFO ]:	server is listening another 3001 port1.0.0
[12-Jan-2024 01:47:24]  [INFO ]:	server is listening another 3001 port1.0.0
[12-Jan-2024 01:47:42]  [INFO ]:	server is listening another 3001 port1.0.0
[12-Jan-2024 01:47:48]  [INFO ]:	server is listening another 3001 port1.0.0
[12-Jan-2024 01:49:41]  [INFO ]:	server is listening another 3001 port1.0.0
[12-Jan-2024 01:51:55]  [INFO ]:	server is listening another 3001 port1.0.0
[12-Jan-2024 01:52:39]  [INFO ]:	server is listening another 3001 port1.0.0
[12-Jan-2024 02:06:09]  [INFO ]:	server is listening another 3001 port1.0.0
[12-Jan-2024 15:54:18]  [INFO ]:	server is listening another 3001 port1.0.0
[12-Jan-2024 18:28:23]  [INFO ]:	server is listening another 3001 port1.0.0
[12-Jan-2024 19:31:39]  [INFO ]:	server is listening another 3001 port1.0.0
[12-Jan-2024 19:31:52]  [INFO ]:	server is listening another 3001 port1.0.0
[12-Jan-2024 19:38:43]  [INFO ]:	server is listening another 3001 port1.0.0
[12-Jan-2024 19:39:05]  [INFO ]:	server is listening another 3001 port1.0.0
[12-Jan-2024 19:39:42]  [INFO ]:	server is listening another 3001 port1.0.0
[12-Jan-2024 19:39:48]  [INFO ]:	server is listening another 3001 port1.0.0
[12-Jan-2024 19:40:07]  [INFO ]:	server is listening another 3001 port1.0.0
[12-Jan-2024 19:40:17]  [INFO ]:	server is listening another 3001 port1.0.0
[12-Jan-2024 19:47:43]  [INFO ]:	server is listening another 3001 port1.0.0
[12-Jan-2024 19:47:45]  [INFO ]:	server is listening another 3001 port1.0.0
[12-Jan-2024 19:47:49]  [INFO ]:	server is listening another 3001 port1.0.0
[12-Jan-2024 19:49:06]  [INFO ]:	server is listening another 3001 port1.0.0
[12-Jan-2024 19:50:20]  [INFO ]:	server is listening another 3001 port1.0.0
[12-Jan-2024 19:56:54]  [INFO ]:	server is listening another 3001 port1.0.0
[12-Jan-2024 19:57:13]  [INFO ]:	server is listening another 3001 port1.0.0
[12-Jan-2024 19:57:58]  [INFO ]:	server is listening another 3001 port1.0.0
[12-Jan-2024 19:58:08]  [INFO ]:	server is listening another 3001 port1.0.0
[12-Jan-2024 20:10:41]  [INFO ]:	server is listening another 3001 port1.0.0
[12-Jan-2024 20:35:32]  [INFO ]:	server is listening another 3001 port1.0.0
[12-Jan-2024 20:35:38]  [INFO ]:	server is listening another 3001 port1.0.0
[12-Jan-2024 21:38:58]  [INFO ]:	server is listening another 3001 port1.0.0
[13-Jan-2024 09:05:58]  [INFO ]:	server is listening another 3001 port1.0.0
[13-Jan-2024 09:10:05]  [INFO ]:	server is listening another 3001 port1.0.0
[13-Jan-2024 09:10:21]  [INFO ]:	server is listening another 3001 port1.0.0
[13-Jan-2024 09:10:33]  [INFO ]:	server is listening another 3001 port1.0.0
[13-Jan-2024 09:10:52]  [INFO ]:	server is listening another 3001 port1.0.0
[13-Jan-2024 09:13:14]  [INFO ]:	server is listening another 3001 port1.0.0
[13-Jan-2024 09:15:25]  [INFO ]:	server is listening another 3001 port1.0.0
[13-Jan-2024 09:15:46]  [INFO ]:	server is listening another 3001 port1.0.0
[13-Jan-2024 09:17:33]  [INFO ]:	server is listening another 3001 port1.0.0
[13-Jan-2024 09:17:50]  [INFO ]:	server is listening another 3001 port1.0.0
[13-Jan-2024 09:23:23]  [INFO ]:	server is listening another 3001 port1.0.0
[13-Jan-2024 09:30:52]  [INFO ]:	server is listening another 3001 port1.0.0
[13-Jan-2024 09:32:47]  [INFO ]:	server is listening another 3001 port1.0.0
[13-Jan-2024 09:32:57]  [INFO ]:	server is listening another 3001 port1.0.0
[13-Jan-2024 09:33:45]  [INFO ]:	server is listening another 3001 port1.0.0
[13-Jan-2024 18:50:01]  [INFO ]:	server is listening another 3001 port1.0.0
[13-Jan-2024 18:51:00]  [INFO ]:	server is listening another 3001 port1.0.0
[14-Jan-2024 21:40:21]  [INFO ]:	server is listening another 3001 port1.0.0
[14-Jan-2024 21:46:19]  [INFO ]:	server is listening another 3001 port1.0.0
[14-Jan-2024 21:46:41]  [INFO ]:	server is listening another 3001 port1.0.0
[14-Jan-2024 21:47:23]  [INFO ]:	server is listening another 3001 port1.0.0
[14-Jan-2024 21:47:43]  [INFO ]:	server is listening another 3001 port1.0.0
[15-Jan-2024 02:13:47]  [INFO ]:	server is listening another 3001 port1.0.0
[15-Jan-2024 18:39:26]  [INFO ]:	server is listening another 3001 port1.0.0
[15-Jan-2024 18:52:24]  [INFO ]:	server is listening another 3001 port1.0.0
[15-Jan-2024 19:30:31]  [INFO ]:	server is listening another 3001 port1.0.0
[17-Jan-2024 16:28:11]  [INFO ]:	server is listening another 3001 port1.0.0
[17-Jan-2024 16:35:54]  [INFO ]:	server is listening another 3001 port1.0.0
[17-Jan-2024 16:40:54]  [INFO ]:	server is listening another 3001 port1.0.0
[17-Jan-2024 16:41:17]  [INFO ]:	server is listening another 3001 port1.0.0
[17-Jan-2024 16:43:41]  [INFO ]:	server is listening another 3001 port1.0.0
[17-Jan-2024 16:44:27]  [INFO ]:	server is listening another 3001 port1.0.0
[17-Jan-2024 16:47:50]  [INFO ]:	server is listening another 3001 port1.0.0
[19-Jan-2024 02:51:32]  [INFO ]:	server is listening another 3001 port1.0.0
[19-Jan-2024 02:52:40]  [INFO ]:	server is listening another 3001 port1.0.0
[19-Jan-2024 02:53:40]  [INFO ]:	server is listening another 3001 port1.0.0
[19-Jan-2024 02:53:56]  [INFO ]:	server is listening another 3001 port1.0.0
[19-Jan-2024 02:57:11]  [ERROR]:	Something went wrong please try again, Message:Cannot read properties of undefined (reading 'userName')
[19-Jan-2024 02:59:50]  [INFO ]:	server is listening another 3001 port1.0.0
[19-Jan-2024 02:59:52]  [ERROR]:	Something went wrong please try again, Message:Cannot read properties of undefined (reading 'userName')
[19-Jan-2024 03:00:28]  [INFO ]:	server is listening another 3001 port1.0.0
[19-Jan-2024 03:00:29]  [ERROR]:	Something went wrong please try again, Message:Cannot read properties of undefined (reading 'userName')
[19-Jan-2024 03:00:41]  [INFO ]:	server is listening another 3001 port1.0.0
[19-Jan-2024 03:00:43]  [ERROR]:	Something went wrong please try again, Message:Cannot read properties of undefined (reading 'userName')
[19-Jan-2024 03:02:30]  [INFO ]:	server is listening another 3001 port1.0.0
[19-Jan-2024 03:02:31]  [ERROR]:	Something went wrong please try again, Message:Cannot read properties of undefined (reading 'userName')
[19-Jan-2024 03:02:54]  [INFO ]:	server is listening another 3001 port1.0.0
[19-Jan-2024 03:02:55]  [ERROR]:	Something went wrong please try again, Message:orderTotalPrice is not defined
[19-Jan-2024 03:04:04]  [INFO ]:	server is listening another 3001 port1.0.0
[19-Jan-2024 03:04:06]  [INFO ]:	server is listening another 3001 port1.0.0
[19-Jan-2024 03:04:14]  [INFO ]:	server is listening another 3001 port1.0.0
[19-Jan-2024 03:04:15]  [ERROR]:	Something went wrong please try again, Message:orderTotalPrice is not defined
[19-Jan-2024 03:04:51]  [INFO ]:	server is listening another 3001 port1.0.0
[19-Jan-2024 03:04:56]  [ERROR]:	Something went wrong please try again, Message:orderTotalPrice is not defined
[19-Jan-2024 03:05:09]  [INFO ]:	server is listening another 3001 port1.0.0
[19-Jan-2024 03:08:10]  [INFO ]:	server is listening another 3001 port1.0.0
[19-Jan-2024 03:11:25]  [INFO ]:	server is listening another 3001 port1.0.0
[19-Jan-2024 03:14:42]  [INFO ]:	server is listening another 3001 port1.0.0
[19-Jan-2024 03:16:28]  [INFO ]:	server is listening another 3001 port1.0.0
[19-Jan-2024 03:28:42]  [INFO ]:	server is listening another 3001 port1.0.0
[19-Jan-2024 03:28:44]  [INFO ]:	server is listening another 3001 port1.0.0
[19-Jan-2024 03:43:09]  [INFO ]:	server is listening another 3001 port1.0.0
[19-Jan-2024 03:43:27]  [INFO ]:	server is listening another 3001 port1.0.0
[19-Jan-2024 05:51:43]  [INFO ]:	server is listening another 3001 port1.0.0
[19-Jan-2024 05:54:31]  [INFO ]:	server is listening another 3001 port1.0.0
[19-Jan-2024 05:55:23]  [INFO ]:	server is listening another 3001 port1.0.0
[19-Jan-2024 05:59:09]  [INFO ]:	server is listening another 3001 port1.0.0
[19-Jan-2024 05:59:35]  [INFO ]:	server is listening another 3001 port1.0.0
[19-Jan-2024 06:00:05]  [INFO ]:	server is listening another 3001 port1.0.0
[19-Jan-2024 06:00:23]  [INFO ]:	server is listening another 3001 port1.0.0
[19-Jan-2024 06:02:26]  [INFO ]:	server is listening another 3001 port1.0.0
[19-Jan-2024 06:02:49]  [INFO ]:	server is listening another 3001 port1.0.0
[19-Jan-2024 06:04:15]  [INFO ]:	server is listening another 3001 port1.0.0
[19-Jan-2024 06:04:19]  [INFO ]:	server is listening another 3001 port1.0.0
[19-Jan-2024 06:20:33]  [INFO ]:	server is listening another 3001 port1.0.0
[19-Jan-2024 06:23:50]  [INFO ]:	server is listening another 3001 port1.0.0
[19-Jan-2024 06:28:29]  [INFO ]:	server is listening another 3001 port1.0.0
[19-Jan-2024 06:28:33]  [INFO ]:	server is listening another 3001 port1.0.0
[19-Jan-2024 06:33:06]  [INFO ]:	server is listening another 3001 port1.0.0
[19-Jan-2024 06:34:52]  [INFO ]:	server is listening another 3001 port1.0.0
[19-Jan-2024 06:39:40]  [INFO ]:	server is listening another 3001 port1.0.0
[19-Jan-2024 06:40:56]  [INFO ]:	server is listening another 3001 port1.0.0
[19-Jan-2024 06:43:11]  [INFO ]:	server is listening another 3001 port1.0.0
[19-Jan-2024 06:44:29]  [ERROR]:	Something went wrong please try again, Message:Cannot set properties of undefined (setting 'url')
[19-Jan-2024 06:45:11]  [INFO ]:	server is listening another 3001 port1.0.0
[19-Jan-2024 06:50:34]  [INFO ]:	server is listening another 3001 port1.0.0
[19-Jan-2024 06:50:56]  [INFO ]:	server is listening another 3001 port1.0.0
[27-Jan-2024 19:16:11]  [INFO ]:	server is listening another 3001 port1.0.0
[27-Jan-2024 19:19:08]  [INFO ]:	server is listening another 3001 port1.0.0
[27-Jan-2024 19:19:28]  [INFO ]:	server is listening another 3001 port1.0.0
[27-Jan-2024 19:22:24]  [INFO ]:	server is listening another 3001 port1.0.0
[27-Jan-2024 19:32:27]  [INFO ]:	server is listening another 3001 port1.0.0
[27-Jan-2024 21:59:35]  [INFO ]:	server is listening another 3001 port1.0.0
[27-Jan-2024 22:17:46]  [INFO ]:	server is listening another 3001 port1.0.0
[27-Jan-2024 22:28:21]  [INFO ]:	server is listening another 3001 port1.0.0
[27-Jan-2024 22:28:28]  [INFO ]:	server is listening another 3001 port1.0.0
[27-Jan-2024 22:32:40]  [INFO ]:	server is listening another 3001 port1.0.0
[27-Jan-2024 22:34:37]  [INFO ]:	server is listening another 3001 port1.0.0
[27-Jan-2024 22:36:54]  [INFO ]:	server is listening another 3001 port1.0.0
[27-Jan-2024 22:37:08]  [INFO ]:	server is listening another 3001 port1.0.0
[27-Jan-2024 22:40:38]  [INFO ]:	server is listening another 3001 port1.0.0
[27-Jan-2024 22:40:42]  [INFO ]:	server is listening another 3001 port1.0.0
[27-Jan-2024 22:41:21]  [INFO ]:	server is listening another 3001 port1.0.0
[27-Jan-2024 23:02:01]  [INFO ]:	server is listening another 3001 port1.0.0
[27-Jan-2024 23:04:18]  [INFO ]:	server is listening another 3001 port1.0.0
[27-Jan-2024 23:04:56]  [INFO ]:	server is listening another 3001 port1.0.0
[27-Jan-2024 23:05:13]  [INFO ]:	server is listening another 3001 port1.0.0
[27-Jan-2024 23:11:24]  [INFO ]:	server is listening another 3001 port1.0.0
[27-Jan-2024 23:12:38]  [INFO ]:	server is listening another 3001 port1.0.0
[27-Jan-2024 23:16:33]  [INFO ]:	server is listening another 3001 port1.0.0
[27-Jan-2024 23:16:47]  [ERROR]:	Cannot read properties of null (reading 'get')
[27-Jan-2024 23:17:22]  [INFO ]:	server is listening another 3001 port1.0.0
[27-Jan-2024 23:17:29]  [ERROR]:	Cannot read properties of null (reading 'get')
[27-Jan-2024 23:18:17]  [INFO ]:	server is listening another 3001 port1.0.0
[27-Jan-2024 23:18:40]  [INFO ]:	server is listening another 3001 port1.0.0
[27-Jan-2024 23:18:43]  [INFO ]:	server is listening another 3001 port1.0.0
[27-Jan-2024 23:19:53]  [INFO ]:	server is listening another 3001 port1.0.0
[27-Jan-2024 23:20:22]  [INFO ]:	server is listening another 3001 port1.0.0
[27-Jan-2024 23:22:04]  [INFO ]:	server is listening another 3001 port1.0.0
[27-Jan-2024 23:23:35]  [ERROR]:	OFFSET must not be negative
[27-Jan-2024 23:25:05]  [INFO ]:	server is listening another 3001 port1.0.0
[27-Jan-2024 23:25:42]  [INFO ]:	server is listening another 3001 port1.0.0
[27-Jan-2024 23:28:23]  [INFO ]:	server is listening another 3001 port1.0.0
[27-Jan-2024 23:29:34]  [INFO ]:	server is listening another 3001 port1.0.0
[27-Jan-2024 23:31:08]  [INFO ]:	server is listening another 3001 port1.0.0
[27-Jan-2024 23:31:20]  [INFO ]:	server is listening another 3001 port1.0.0
[27-Jan-2024 23:34:03]  [INFO ]:	server is listening another 3001 port1.0.0
[27-Jan-2024 23:38:10]  [INFO ]:	server is listening another 3001 port1.0.0
[27-Jan-2024 23:39:18]  [INFO ]:	server is listening another 3001 port1.0.0
[27-Jan-2024 23:39:41]  [INFO ]:	server is listening another 3001 port1.0.0
[27-Jan-2024 23:39:49]  [INFO ]:	server is listening another 3001 port1.0.0
[27-Jan-2024 23:44:34]  [INFO ]:	server is listening another 3001 port1.0.0
[27-Jan-2024 23:48:44]  [INFO ]:	server is listening another 3001 port1.0.0
[27-Jan-2024 23:50:08]  [INFO ]:	server is listening another 3001 port1.0.0
[27-Jan-2024 23:50:41]  [INFO ]:	server is listening another 3001 port1.0.0
[27-Jan-2024 23:51:20]  [INFO ]:	server is listening another 3001 port1.0.0
[27-Jan-2024 23:53:32]  [INFO ]:	server is listening another 3001 port1.0.0
[27-Jan-2024 23:57:07]  [INFO ]:	server is listening another 3001 port1.0.0
[28-Jan-2024 00:00:09]  [INFO ]:	server is listening another 3001 port1.0.0
[28-Jan-2024 00:04:01]  [INFO ]:	server is listening another 3001 port1.0.0
[28-Jan-2024 00:06:34]  [INFO ]:	server is listening another 3001 port1.0.0
[28-Jan-2024 00:07:18]  [INFO ]:	server is listening another 3001 port1.0.0
[28-Jan-2024 00:08:30]  [INFO ]:	server is listening another 3001 port1.0.0
[28-Jan-2024 00:10:29]  [INFO ]:	server is listening another 3001 port1.0.0
[28-Jan-2024 00:11:18]  [INFO ]:	server is listening another 3001 port1.0.0
[28-Jan-2024 00:11:29]  [INFO ]:	server is listening another 3001 port1.0.0
[28-Jan-2024 00:11:43]  [INFO ]:	server is listening another 3001 port1.0.0
[28-Jan-2024 00:12:37]  [INFO ]:	server is listening another 3001 port1.0.0
[28-Jan-2024 00:12:40]  [INFO ]:	server is listening another 3001 port1.0.0
[28-Jan-2024 00:13:27]  [INFO ]:	server is listening another 3001 port1.0.0
[28-Jan-2024 00:13:35]  [INFO ]:	server is listening another 3001 port1.0.0
[28-Jan-2024 00:16:19]  [INFO ]:	server is listening another 3001 port1.0.0
[28-Jan-2024 00:16:31]  [INFO ]:	server is listening another 3001 port1.0.0
[28-Jan-2024 00:37:58]  [INFO ]:	server is listening another 3001 port1.0.0
[28-Jan-2024 00:38:25]  [INFO ]:	server is listening another 3001 port1.0.0
[28-Jan-2024 00:38:47]  [INFO ]:	server is listening another 3001 port1.0.0
[28-Jan-2024 00:39:13]  [INFO ]:	server is listening another 3001 port1.0.0
[28-Jan-2024 00:39:16]  [INFO ]:	server is listening another 3001 port1.0.0
[28-Jan-2024 00:39:27]  [INFO ]:	server is listening another 3001 port1.0.0
[28-Jan-2024 00:42:18]  [INFO ]:	server is listening another 3001 port1.0.0
[28-Jan-2024 00:45:15]  [INFO ]:	server is listening another 3001 port1.0.0
[28-Jan-2024 00:45:49]  [INFO ]:	server is listening another 3001 port1.0.0
[28-Jan-2024 00:45:51]  [INFO ]:	server is listening another 3001 port1.0.0
[28-Jan-2024 00:46:26]  [INFO ]:	server is listening another 3001 port1.0.0
[28-Jan-2024 00:47:30]  [INFO ]:	server is listening another 3001 port1.0.0
[28-Jan-2024 00:47:41]  [INFO ]:	server is listening another 3001 port1.0.0
[28-Jan-2024 00:48:03]  [INFO ]:	server is listening another 3001 port1.0.0
[28-Jan-2024 00:48:07]  [INFO ]:	server is listening another 3001 port1.0.0
[28-Jan-2024 00:48:35]  [INFO ]:	server is listening another 3001 port1.0.0
[28-Jan-2024 00:49:00]  [INFO ]:	server is listening another 3001 port1.0.0
[28-Jan-2024 00:49:09]  [INFO ]:	server is listening another 3001 port1.0.0
[28-Jan-2024 00:49:28]  [INFO ]:	server is listening another 3001 port1.0.0
[28-Jan-2024 00:50:47]  [INFO ]:	server is listening another 3001 port1.0.0
[28-Jan-2024 00:50:52]  [INFO ]:	server is listening another 3001 port1.0.0
[28-Jan-2024 01:03:55]  [INFO ]:	server is listening another 3001 port1.0.0
[28-Jan-2024 01:05:27]  [INFO ]:	server is listening another 3001 port1.0.0
[28-Jan-2024 01:06:30]  [INFO ]:	server is listening another 3001 port1.0.0
[28-Jan-2024 01:09:23]  [INFO ]:	server is listening another 3001 port1.0.0
[28-Jan-2024 01:10:18]  [INFO ]:	server is listening another 3001 port1.0.0
[05-Feb-2024 17:50:49]  [INFO ]:	server is listening another 3001 port1.0.0
[05-Feb-2024 17:51:04]  [INFO ]:	server is listening another 3001 port1.0.0
[05-Feb-2024 18:02:41]  [INFO ]:	server is listening another 3001 port1.0.0
[05-Feb-2024 18:02:47]  [INFO ]:	server is listening another 3001 port1.0.0
[05-Feb-2024 18:02:52]  [INFO ]:	server is listening another 3001 port1.0.0
[06-Feb-2024 12:40:56]  [INFO ]:	server is listening another 3001 port1.0.0
[06-Feb-2024 12:44:19]  [INFO ]:	server is listening another 3001 port1.0.0
[06-Feb-2024 12:52:25]  [INFO ]:	server is listening another 3001 port1.0.0
[06-Feb-2024 13:08:39]  [ERROR]:	WHERE parameter "lang" has invalid "undefined" value
[06-Feb-2024 13:14:30]  [ERROR]:	WHERE parameter "lang" has invalid "undefined" value
[06-Feb-2024 13:15:28]  [ERROR]:	WHERE parameter "lang" has invalid "undefined" value
[06-Feb-2024 13:15:29]  [ERROR]:	WHERE parameter "lang" has invalid "undefined" value
[06-Feb-2024 13:22:06]  [ERROR]:	WHERE parameter "lang" has invalid "undefined" value
[06-Feb-2024 13:22:22]  [ERROR]:	WHERE parameter "lang" has invalid "undefined" value
[06-Feb-2024 13:24:15]  [ERROR]:	EPERM: operation not permitted, unlink 'uploads\product\2024-02-06T08-24-15.542Z_11. Закат.jpg'
[06-Feb-2024 13:27:06]  [ERROR]:	EPERM: operation not permitted, unlink 'uploads\product\2024-02-06T08-27-06.180Z_4. Кот с наушниками.jpg'
[06-Feb-2024 13:27:22]  [INFO ]:	server is listening another 3001 port1.0.0
[06-Feb-2024 13:29:03]  [INFO ]:	server is listening another 3001 port1.0.0
[06-Feb-2024 13:29:16]  [ERROR]:	EPERM: operation not permitted, unlink 'uploads\product\2024-02-06T08-29-16.551Z_15. Облака.jpg'
[06-Feb-2024 13:32:59]  [ERROR]:	EPERM: operation not permitted, unlink 'uploads\product\2024-02-06T08-32-59.794Z_11. Закат.jpg'
[06-Feb-2024 13:36:45]  [ERROR]:	EPERM: operation not permitted, unlink 'uploads\product\2024-02-06T08-36-45.066Z_6. Жираф.jpg'
[06-Feb-2024 13:36:54]  [INFO ]:	server is listening another 3001 port1.0.0
[06-Feb-2024 13:37:00]  [ERROR]:	Validation Failure
[06-Feb-2024 13:37:06]  [ERROR]:	EPERM: operation not permitted, unlink 'uploads\product\2024-02-06T08-37-06.790Z_7. Бабочка.jpg'
[06-Feb-2024 13:56:44]  [INFO ]:	server is listening another 3001 port1.0.0
[06-Feb-2024 13:58:19]  [ERROR]:	Validation Failure
[06-Feb-2024 13:58:27]  [ERROR]:	EPERM: operation not permitted, unlink 'uploads\product\2024-02-06T08-58-27.600Z_6. Жираф.jpg'
[06-Feb-2024 13:59:43]  [INFO ]:	server is listening another 3001 port1.0.0
[06-Feb-2024 13:59:47]  [ERROR]:	EPERM: operation not permitted, unlink 'uploads\product\2024-02-06T08-59-47.673Z_6. Жираф.jpg'
[06-Feb-2024 14:01:34]  [ERROR]:	EPERM: operation not permitted, unlink 'uploads\product\2024-02-06T09-01-34.577Z_6. Жираф.jpg'
[06-Feb-2024 14:02:03]  [INFO ]:	server is listening another 3001 port1.0.0
[06-Feb-2024 14:02:05]  [ERROR]:	EPERM: operation not permitted, unlink 'uploads\product\2024-02-06T09-02-05.885Z_6. Жираф.jpg'
[06-Feb-2024 14:02:19]  [INFO ]:	server is listening another 3001 port1.0.0
[06-Feb-2024 14:02:24]  [ERROR]:	EPERM: operation not permitted, unlink 'uploads\product\2024-02-06T09-02-24.822Z_6. Жираф.jpg'
[06-Feb-2024 14:02:53]  [INFO ]:	server is listening another 3001 port1.0.0
[06-Feb-2024 14:02:54]  [ERROR]:	EPERM: operation not permitted, unlink 'uploads\product\2024-02-06T09-02-53.962Z_6. Жираф.jpg'
[06-Feb-2024 14:03:01]  [INFO ]:	server is listening another 3001 port1.0.0
[06-Feb-2024 14:03:19]  [INFO ]:	server is listening another 3001 port1.0.0
[06-Feb-2024 14:03:21]  [ERROR]:	EPERM: operation not permitted, unlink 'uploads\product\2024-02-06T09-03-21.700Z_6. Жираф.jpg'
[06-Feb-2024 14:04:33]  [INFO ]:	server is listening another 3001 port1.0.0
[06-Feb-2024 14:04:42]  [INFO ]:	server is listening another 3001 port1.0.0
[06-Feb-2024 14:04:48]  [INFO ]:	server is listening another 3001 port1.0.0
[06-Feb-2024 14:05:14]  [INFO ]:	server is listening another 3001 port1.0.0
[06-Feb-2024 14:05:14]  [ERROR]:	EPERM: operation not permitted, unlink 'uploads\product\2024-02-06T09-05-14.763Z_6. Жираф.jpg'
[06-Feb-2024 14:07:39]  [INFO ]:	server is listening another 3001 port1.0.0
[06-Feb-2024 14:10:06]  [INFO ]:	server is listening another 3001 port1.0.0
[06-Feb-2024 14:27:00]  [ERROR]:	неверный синтаксис для типа integer: "category1"
[06-Feb-2024 14:27:20]  [ERROR]:	WHERE parameter "lang" has invalid "undefined" value
[06-Feb-2024 14:38:04]  [INFO ]:	server is listening another 3001 port1.0.0
[06-Feb-2024 14:44:43]  [ERROR]:	Validation Failure
[06-Feb-2024 14:47:37]  [ERROR]:	Validation Failure
[06-Feb-2024 14:48:32]  [ERROR]:	Validation Failure
[06-Feb-2024 14:48:42]  [ERROR]:	Validation Failure
[06-Feb-2024 14:49:19]  [ERROR]:	Validation Failure
[06-Feb-2024 15:15:07]  [INFO ]:	server is listening another 3001 port1.0.0
[06-Feb-2024 15:16:14]  [ERROR]:	Validation Failure
[06-Feb-2024 15:18:54]  [ERROR]:	Cannot read properties of undefined (reading 'toString')
[06-Feb-2024 15:22:18]  [ERROR]:	Cannot read properties of undefined (reading 'toString')
[06-Feb-2024 15:43:07]  [ERROR]:	Cannot read properties of undefined (reading 'toString')
[06-Feb-2024 15:43:39]  [ERROR]:	Cannot read properties of undefined (reading 'toString')
[06-Feb-2024 15:44:17]  [INFO ]:	server is listening another 3001 port1.0.0
[06-Feb-2024 15:44:20]  [ERROR]:	bank is not defined
[06-Feb-2024 15:44:29]  [INFO ]:	server is listening another 3001 port1.0.0
[06-Feb-2024 16:15:39]  [ERROR]:	bank is not defined
[06-Feb-2024 16:16:03]  [INFO ]:	server is listening another 3001 port1.0.0
[06-Feb-2024 16:16:04]  [ERROR]:	неверный синтаксис для типа integer: "2100.55"
[06-Feb-2024 16:19:15]  [INFO ]:	server is listening another 3001 port1.0.0
[06-Feb-2024 16:19:21]  [INFO ]:	server is listening another 3001 port1.0.0
[06-Feb-2024 16:20:26]  [INFO ]:	server is listening another 3001 port1.0.0
[06-Feb-2024 16:21:01]  [INFO ]:	server is listening another 3001 port1.0.0
[06-Feb-2024 16:21:06]  [INFO ]:	server is listening another 3001 port1.0.0
[06-Feb-2024 16:21:40]  [INFO ]:	server is listening another 3001 port1.0.0
